<?xml version="1.0" encoding="UTF-8"?>
<testng-results skipped="0" failed="0" ignored="0" total="1" passed="1">
  <reporter-output>
  </reporter-output>
  <suite name="Default suite" duration-ms="17118" started-at="2020-03-21T23:32:07Z" finished-at="2020-03-21T23:32:24Z">
    <groups>
    </groups>
    <test name="Default test" duration-ms="17118" started-at="2020-03-21T23:32:07Z" finished-at="2020-03-21T23:32:24Z">
      <class name="com.qa.orangehrm.testcases.Login_page">
        <test-method status="PASS" signature="setup()[pri:0, instance:com.qa.orangehrm.testcases.Login_page@204f30ec]" name="setup" is-config="true" duration-ms="11727" started-at="2020-03-21T23:32:07Z" finished-at="2020-03-21T23:32:18Z">
          <reporter-output>
          </reporter-output>
        </test-method> <!-- setup -->
        <test-method status="PASS" signature="login()[pri:1, instance:com.qa.orangehrm.testcases.Login_page@204f30ec]" name="login" duration-ms="5370" started-at="2020-03-21T23:32:18Z" finished-at="2020-03-21T23:32:24Z">
          <reporter-output>
          </reporter-output>
        </test-method> <!-- login -->
      </class> <!-- com.qa.orangehrm.testcases.Login_page -->
    </test> <!-- Default test -->
  </suite> <!-- Default suite -->
</testng-results>
